010090A4
01001DFD
010090A4
01001DFD
01001DFD
010090A4
01001DFD
01001DFD
010090A4
01001DFD
01001DFD
0100996B
0100996B
0100996B
0100996B
0100996B
0100996B
0100996B
0100996B
0100996B
01009166
01009248
010090A4
010090A4
01009166
01009248
01009251
010090A4
010090A4
01009166
01009248
01009251
01009251
01009259
01009266
0100927B
01009282
0100942A
010094A8
010094B2
010095E7
0100960D
010096A1
010098BC
01009A61
01009A69
01009A7C
01009AC2
01009ACD
01009BD0
01009C24
01009130
0100924E
01009258
01009264
01009277
010092AE
01009358
0100942D
010094A9
0100954F
01009605
01009610
010096C6
01009A5A
01009A68
01009A6D
01009A80
01009ACC
01009AFF
01009BD1
01009C22
010097D8
010097D8
01009299
01009E9A
010097Bd
0100960A
010097D8
010097D8
010097D8
010097D8
010097D8
010097D8
010097D8
010097D8
010098EC
010098EC
010098EC
010098EC
010098EC
010098EC
01009130
010096A1
0100996B
0100996B
///////
010090AB
01009C45
01009CE1
010091AC
01009357
01009C26
010091AD
0100922D
01009705
01009AB6
01009341
010091C6
0100999C
01009384
0100953B
0100939F
01009BD8
01009237
0100921F
010092AB
010094CC
01009C48
0100973A
01009463
01009165
01009765
01009AC5
01009864
010091D6
0100953C
010090F2
0100966F
////////
0100917C
01009232
0100924F
0100929F
01009349
0100935F
01009375
0100939D
010093FA
010094AB
0100955C
01009569
0100957A
010096FB
01009717
0100992C
01009AAF
01009AF4
01009C1F
01009C28
01009D1F
01009D46
010091DA
01009247
0100934A
0100936A
01009377
010093A1
01009422
01009541
0100955F
01009574
010095F9
01009707
01009719
01009722
01009AED
01009AF8
01009C27
01009C76
01009D22
01009D4A
////////
0100902D
010090BC
010091CC
0100922C
01009269
01009274
01009450
01009471
01009655
010096E1
01009712
01009716
0100921F
0100991B
0100991B
0100998E
01009993
0100998E
01009993
